Arguments: 
  C:\Program Files\nodejs\node.exe C:\Users\1907r\Desktop\WebOdev\1030522882_BS435_WebProgramlama\odev02\.yarn\releases\yarn-1.22.17.cjs install

PATH: 
  C:\Program Files (x86)\Razer Chroma SDK\bin;C:\Program Files\Razer Chroma SDK\bin;C:\Program Files (x86)\Razer\ChromaBroadcast\bin;C:\Program Files\Razer\ChromaBroadcast\bin;C:\Windows\system32;C:\Windows;C:\Windows\System32\Wbem;C:\Windows\System32\WindowsPowerShell\v1.0\;C:\Windows\System32\OpenSSH\;C:\Windows\system32\config\systemprofile\AppData\Local\Microsoft\WindowsApps;C:\WINDOWS\system32;C:\WINDOWS;C:\WINDOWS\System32\Wbem;C:\WINDOWS\System32\WindowsPowerShell\v1.0\;C:\WINDOWS\System32\OpenSSH\;C:\WINDOWS\system32\config\systemprofile\AppData\Local\Microsoft\WindowsApps;C:\Program Files (x86)\Yarn\bin\;C:\Program Files\nodejs\;C:\Users\1907r\AppData\Local\Microsoft\WindowsApps;C:\Users\1907r\AppData\Local\Programs\Microsoft VS Code\bin;C:\Users\1907r\AppData\Local\GitHubDesktop\bin;C:\Users\1907r\AppData\Local\Yarn\bin;C:\Users\1907r\AppData\Roaming\npm

Yarn version: 
  1.22.17

Node version: 
  16.13.0

Platform: 
  win32 x64

Trace: 
  SyntaxError: C:\Users\1907r\Desktop\WebOdev\1030522882_BS435_WebProgramlama\odev02\package.json: Unexpected string in JSON at position 87
      at JSON.parse (<anonymous>)
      at C:\Users\1907r\Desktop\WebOdev\1030522882_BS435_WebProgramlama\odev02\.yarn\releases\yarn-1.22.17.cjs:1104:57
      at Generator.next (<anonymous>)
      at step (C:\Users\1907r\Desktop\WebOdev\1030522882_BS435_WebProgramlama\odev02\.yarn\releases\yarn-1.22.17.cjs:310:30)
      at C:\Users\1907r\Desktop\WebOdev\1030522882_BS435_WebProgramlama\odev02\.yarn\releases\yarn-1.22.17.cjs:321:13

npm manifest: 
  {
    "name": "odev02",
    "version": "1.0.0",
    "main": "index.js",
    "license": "MIT"
    "devDependencies": {
      "@babel/cli": "^7.15.7",
      "@babel/core": "^7.15.8",
      "@babel/preset-env": "^7.15.8",
      "babel-jest": "^27.3.1",
      "jest": "^27.3.1",
      "terser-webpack-plugin": "^5.2.4",
      "webpack": "^5.60.0",
      "webpack-cli": "^4.9.1",
      "webpack-dev-server": "^4.4.0"
    }
  }

yarn manifest: 
  No manifest

Lockfile: 
  # THIS IS AN AUTOGENERATED FILE. DO NOT EDIT THIS FILE DIRECTLY.
  # yarn lockfile v1
